{"summary":{"outcome":"Failed","testsRan":2,"passing":0,"failing":2,"skipped":0,"passRate":"0%","failRate":"100%","skipRate":"0%","testStartTime":"2025-10-24T09:16:58.000Z","testSetupTimeInMs":72,"testExecutionTimeInMs":0,"testTotalTimeInMs":72,"commandTimeInMs":186,"hostname":"https://computing-speed-6645-dev-ed.scratch.my.salesforce.com","orgId":"00DG10000081x4QMAQ","username":"test-tds6banyitic@example.com","testRunId":"707G100000wZmfq","userId":"005G100000C1v8bIAB"},"tests":[{"id":"07MG100000Bf7DiMAJ","queueItemId":"709G100000C959mIAB","stackTrace":"Class.TestUpdateAccountCA.setupTestData: line 14, column 1","message":"System.QueryException: List has no rows for assignment to SObject","asyncApexJobId":"707G100000wZmfqIAC","methodName":"testUpdateAccountCA_SingleAccount","outcome":"Fail","apexLogId":null,"apexClass":{"id":"01pG1000008kSCpIAM","name":"TestUpdateAccountCA","namespacePrefix":null,"fullName":"TestUpdateAccountCA"},"runTime":0,"testTimestamp":"2025-10-24T09:16:58.000+0000","fullName":"TestUpdateAccountCA.testUpdateAccountCA_SingleAccount","diagnostic":{"exceptionMessage":"System.QueryException: List has no rows for assignment to SObject","exceptionStackTrace":"Class.TestUpdateAccountCA.setupTestData: line 14, column 1","className":"TestUpdateAccountCA","compileProblem":"","lineNumber":14,"columnNumber":1},"category":"Apex"}]}