{"summary":{"outcome":"Failed","testsRan":1,"passing":0,"failing":1,"skipped":0,"passRate":"0%","failRate":"100%","skipRate":"0%","testStartTime":"2025-10-24T08:55:15.000Z","testSetupTimeInMs":0,"testExecutionTimeInMs":147,"testTotalTimeInMs":147,"commandTimeInMs":434,"hostname":"https://computing-speed-6645-dev-ed.scratch.my.salesforce.com","orgId":"00DG10000081x4QMAQ","username":"test-tds6banyitic@example.com","testRunId":"707G100000wZnRF","userId":"005G100000C1v8bIAB"},"tests":[{"id":"07MG100000Bf5CQMAZ","queueItemId":"709G100000C93kXIAR","stackTrace":"Class.TestUpdateAccountCA.testUpdateAccountCA_UsingTotalAmount: line 35, column 1","message":"System.DmlException: Insert failed. First exception on row 0; first error: STANDARD_PRICE_NOT_DEFINED, Before creating a custom price, create a standard price.: []","asyncApexJobId":"707G100000wZnRFIA0","methodName":"testUpdateAccountCA_UsingTotalAmount","outcome":"Fail","apexLogId":"07LG100000BjmesMAB","apexClass":{"id":"01pG1000008kSCpIAM","name":"TestUpdateAccountCA","namespacePrefix":null,"fullName":"TestUpdateAccountCA"},"runTime":147,"testTimestamp":"2025-10-24T08:55:15.000+0000","fullName":"TestUpdateAccountCA.testUpdateAccountCA_UsingTotalAmount","diagnostic":{"exceptionMessage":"System.DmlException: Insert failed. First exception on row 0; first error: STANDARD_PRICE_NOT_DEFINED, Before creating a custom price, create a standard price.: []","exceptionStackTrace":"Class.TestUpdateAccountCA.testUpdateAccountCA_UsingTotalAmount: line 35, column 1","className":"TestUpdateAccountCA","compileProblem":"","lineNumber":35,"columnNumber":1},"category":"Apex"}]}