{"summary":{"outcome":"Failed","testsRan":1,"passing":0,"failing":1,"skipped":0,"passRate":"0%","failRate":"100%","skipRate":"0%","testStartTime":"2025-10-24T07:54:11.000Z","testSetupTimeInMs":0,"testExecutionTimeInMs":278,"testTotalTimeInMs":278,"commandTimeInMs":200,"hostname":"https://computing-speed-6645-dev-ed.scratch.my.salesforce.com","orgId":"00DG10000081x4QMAQ","username":"test-tds6banyitic@example.com","testRunId":"707G100000wZSDJ","userId":"005G100000C1v8bIAB"},"tests":[{"id":"07MG100000Bf2SXMAZ","queueItemId":"709G100000C8pb7IAB","stackTrace":"Class.TestUpdateAccountCA.testUpdateAccountCA_UsingTotalAmount: line 35, column 1","message":"System.DmlException: Insert failed. First exception on row 0; first error: STANDARD_PRICE_NOT_DEFINED, Before creating a custom price, create a standard price.: []","asyncApexJobId":"707G100000wZSDJIA4","methodName":"testUpdateAccountCA_UsingTotalAmount","outcome":"Fail","apexLogId":"07LG100000BjdmtMAB","apexClass":{"id":"01pG1000008kSCpIAM","name":"TestUpdateAccountCA","namespacePrefix":null,"fullName":"TestUpdateAccountCA"},"runTime":278,"testTimestamp":"2025-10-24T07:54:11.000+0000","fullName":"TestUpdateAccountCA.testUpdateAccountCA_UsingTotalAmount","diagnostic":{"exceptionMessage":"System.DmlException: Insert failed. First exception on row 0; first error: STANDARD_PRICE_NOT_DEFINED, Before creating a custom price, create a standard price.: []","exceptionStackTrace":"Class.TestUpdateAccountCA.testUpdateAccountCA_UsingTotalAmount: line 35, column 1","className":"TestUpdateAccountCA","compileProblem":"","lineNumber":35,"columnNumber":1},"category":"Apex"}]}